# JRE version: Java(TM) SE Runtime Environment (9.0+181) (build 9+181)
# Java VM: Java HotSpot(TM) 64-Bit Server VM (9+181, mixed mode, tiered, compressed oops, g1 gc, bsd-amd64)
Heap:
 garbage-first heap   total 131072K, used 53513K [0x0000000740000000, 0x0000000740100400, 0x00000007c0000000)
  region size 1024K, 11 young (11264K), 1 survivors (1024K)
 Metaspace       used 26669K, capacity 28474K, committed 28800K, reserved 1075200K
  class space    used 3264K, capacity 3664K, committed 3712K, reserved 1048576K
GC Heap History (10 events):
Event: 0.795 GC heap before
{Heap before GC invocations=0 (full 0):
 garbage-first heap   total 131072K, used 14336K [0x0000000740000000, 0x0000000740100400, 0x00000007c0000000)
  region size 1024K, 14 young (14336K), 0 survivors (0K)
 Metaspace       used 11872K, capacity 12578K, committed 12800K, reserved 1060864K
  class space    used 1287K, capacity 1431K, committed 1536K, reserved 1048576K
}
Event: 0.800 GC heap after
{Heap after GC invocations=1 (full 0):
 garbage-first heap   total 131072K, used 2483K [0x0000000740000000, 0x0000000740100400, 0x00000007c0000000)
  region size 1024K, 2 young (2048K), 2 survivors (2048K)
 Metaspace       used 11872K, capacity 12578K, committed 12800K, reserved 1060864K
  class space    used 1287K, capacity 1431K, committed 1536K, reserved 1048576K
}
Event: 1.955 GC heap before
{Heap before GC invocations=1 (full 0):
 garbage-first heap   total 131072K, used 23987K [0x0000000740000000, 0x0000000740100400, 0x00000007c0000000)
  region size 1024K, 22 young (22528K), 2 survivors (2048K)
 Metaspace       used 19728K, capacity 21140K, committed 21248K, reserved 1067008K
  class space    used 2459K, capacity 2749K, committed 2816K, reserved 1048576K
}
Event: 1.966 GC heap after
{Heap after GC invocations=2 (full 0):
 garbage-first heap   total 131072K, used 8294K [0x0000000740000000, 0x0000000740100400, 0x00000007c0000000)
  region size 1024K, 6 young (6144K), 6 survivors (6144K)
 Metaspace       used 19728K, capacity 21140K, committed 21248K, reserved 1067008K
  class space    used 2459K, capacity 2749K, committed 2816K, reserved 1048576K
}
Event: 8.883 GC heap before
{Heap before GC invocations=3 (full 0):
 garbage-first heap   total 131072K, used 67686K [0x0000000740000000, 0x0000000740100400, 0x00000007c0000000)
  region size 1024K, 10 young (10240K), 6 survivors (6144K)
 Metaspace       used 20644K, capacity 22206K, committed 22400K, reserved 1069056K
  class space    used 2575K, capacity 2876K, committed 2944K, reserved 1048576K
}
Event: 8.896 GC heap after
{Heap after GC invocations=4 (full 0):
 garbage-first heap   total 131072K, used 16149K [0x0000000740000000, 0x0000000740100400, 0x00000007c0000000)
  region size 1024K, 1 young (1024K), 1 survivors (1024K)
 Metaspace       used 20644K, capacity 22206K, committed 22400K, reserved 1069056K
  class space    used 2575K, capacity 2876K, committed 2944K, reserved 1048576K
}
Event: 10.159 GC heap before
{Heap before GC invocations=5 (full 0):
 garbage-first heap   total 131072K, used 60181K [0x0000000740000000, 0x0000000740100400, 0x00000007c0000000)
  region size 1024K, 3 young (3072K), 1 survivors (1024K)
 Metaspace       used 20813K, capacity 22340K, committed 22656K, reserved 1069056K
  class space    used 2576K, capacity 2877K, committed 2944K, reserved 1048576K
}
Event: 10.161 GC heap after
{Heap after GC invocations=6 (full 0):
 garbage-first heap   total 131072K, used 17787K [0x0000000740000000, 0x0000000740100400, 0x00000007c0000000)
  region size 1024K, 1 young (1024K), 1 survivors (1024K)
 Metaspace       used 20813K, capacity 22340K, committed 22656K, reserved 1069056K
  class space    used 2576K, capacity 2877K, committed 2944K, reserved 1048576K
}
Event: 20.304 GC heap before
{Heap before GC invocations=7 (full 0):
 garbage-first heap   total 131072K, used 59771K [0x0000000740000000, 0x0000000740100400, 0x00000007c0000000)
  region size 1024K, 3 young (3072K), 1 survivors (1024K)
 Metaspace       used 20924K, capacity 22468K, committed 22656K, reserved 1069056K
  class space    used 2576K, capacity 2877K, committed 2944K, reserved 1048576K
}
Event: 20.305 GC heap after
{Heap after GC invocations=8 (full 0):
 garbage-first heap   total 131072K, used 17673K [0x0000000740000000, 0x0000000740100400, 0x00000007c0000000)
  region size 1024K, 1 young (1024K), 1 survivors (1024K)
 Metaspace       used 20924K, capacity 22468K, committed 22656K, reserved 1069056K
  class space    used 2576K, capacity 2877K, committed 2944K, reserved 1048576K
}

