# JRE version: Java(TM) SE Runtime Environment (9.0+181) (build 9+181)
# Java VM: Java HotSpot(TM) 64-Bit Server VM (9+181, mixed mode, tiered, compressed oops, g1 gc, bsd-amd64)
Heap:
 garbage-first heap   total 131072K, used 48795K [0x0000000740000000, 0x0000000740100400, 0x00000007c0000000)
  region size 1024K, 10 young (10240K), 1 survivors (1024K)
 Metaspace       used 26551K, capacity 28406K, committed 28544K, reserved 1075200K
  class space    used 3286K, capacity 3684K, committed 3712K, reserved 1048576K
GC Heap History (6 events):
Event: 0.727 GC heap before
{Heap before GC invocations=0 (full 0):
 garbage-first heap   total 131072K, used 14336K [0x0000000740000000, 0x0000000740100400, 0x00000007c0000000)
  region size 1024K, 14 young (14336K), 0 survivors (0K)
 Metaspace       used 11132K, capacity 11826K, committed 11904K, reserved 1060864K
  class space    used 1190K, capacity 1331K, committed 1408K, reserved 1048576K
}
Event: 0.743 GC heap after
{Heap after GC invocations=1 (full 0):
 garbage-first heap   total 131072K, used 2439K [0x0000000740000000, 0x0000000740100400, 0x00000007c0000000)
  region size 1024K, 2 young (2048K), 2 survivors (2048K)
 Metaspace       used 11132K, capacity 11826K, committed 11904K, reserved 1060864K
  class space    used 1190K, capacity 1331K, committed 1408K, reserved 1048576K
}
Event: 2.111 GC heap before
{Heap before GC invocations=1 (full 0):
 garbage-first heap   total 131072K, used 23943K [0x0000000740000000, 0x0000000740100400, 0x00000007c0000000)
  region size 1024K, 22 young (22528K), 2 survivors (2048K)
 Metaspace       used 19661K, capacity 21122K, committed 21248K, reserved 1067008K
  class space    used 2445K, capacity 2742K, committed 2816K, reserved 1048576K
}
Event: 2.122 GC heap after
{Heap after GC invocations=2 (full 0):
 garbage-first heap   total 131072K, used 8718K [0x0000000740000000, 0x0000000740100400, 0x00000007c0000000)
  region size 1024K, 7 young (7168K), 7 survivors (7168K)
 Metaspace       used 19661K, capacity 21122K, committed 21248K, reserved 1067008K
  class space    used 2445K, capacity 2742K, committed 2816K, reserved 1048576K
}
Event: 8.906 GC heap before
{Heap before GC invocations=3 (full 0):
 garbage-first heap   total 131072K, used 68110K [0x0000000740000000, 0x0000000740100400, 0x00000007c0000000)
  region size 1024K, 11 young (11264K), 7 survivors (7168K)
 Metaspace       used 20796K, capacity 22398K, committed 22656K, reserved 1069056K
  class space    used 2594K, capacity 2896K, committed 2944K, reserved 1048576K
}
Event: 8.918 GC heap after
{Heap after GC invocations=4 (full 0):
 garbage-first heap   total 131072K, used 16027K [0x0000000740000000, 0x0000000740100400, 0x00000007c0000000)
  region size 1024K, 1 young (1024K), 1 survivors (1024K)
 Metaspace       used 20796K, capacity 22398K, committed 22656K, reserved 1069056K
  class space    used 2594K, capacity 2896K, committed 2944K, reserved 1048576K
}

